[fetch start] __ btc_idr
[fetch start] __ bch_idr
[fetch start] __ eth_idr
[fetch start] __ etc_idr
[fetch start] __ ltc_idr
[fetch start] __ waves_idr
[fetch start] __ xrp_idr
[fetch start] __ xzc_idr
[fetch start] __ bts_btc
[fetch start] __ doge_btc
[fetch start] __ eth_btc
[fetch start] __ ltc_btc
[fetch start] __ nxt_btc
[fetch start] __ xlm_btc
[fetch start] __ xem_btc
[fetch start] __ xrp_btc
!!! error while inserting
[store end]
!!! error while inserting
[store end]
!!! error while inserting
[store end]
!!! error while inserting
[store end]
!!! error while inserting
[store end]
!!! error while inserting
[store end]
!!! error while inserting
[store end]
!!! error while inserting
[store end]
!!! error while inserting
[store end]
... succesfully inserted
[store end]
!!! error while inserting
[store end]
!!! error while inserting
[store end]
!!! error while inserting
[store end]
!!! error while inserting
[store end]
!!! error while inserting
[store end]
!!! error while inserting
[store end]
[fetch start] __ btc_idr
[fetch start] __ bch_idr
[fetch start] __ eth_idr
[fetch start] __ etc_idr
[fetch start] __ ltc_idr
[fetch start] __ waves_idr
[fetch start] __ xrp_idr
[fetch start] __ xzc_idr
[fetch start] __ bts_btc
[fetch start] __ doge_btc
[fetch start] __ eth_btc
[fetch start] __ ltc_btc
[fetch start] __ nxt_btc
[fetch start] __ xlm_btc
[fetch start] __ xem_btc
[fetch start] __ xrp_btc
!!! error while inserting
[store end]
!!! error while inserting
[store end]
!!! error while inserting
[store end]
!!! error while inserting
[store end]
... succesfully inserted
[store end]
!!! error while inserting
[store end]
!!! error while inserting
[store end]
!!! error while inserting
[store end]
!!! error while inserting
[store end]
!!! error while inserting
[store end]
!!! error while inserting
[store end]
!!! error while inserting
[store end]
!!! error while inserting
[store end]
!!! error while inserting
[store end]
!!! error while inserting
[store end]
!!! error while inserting
[store end]
[fetch start] __ btc_idr
[fetch start] __ bch_idr
[fetch start] __ eth_idr
[fetch start] __ etc_idr
[fetch start] __ ltc_idr
[fetch start] __ waves_idr
[fetch start] __ xrp_idr
[fetch start] __ xzc_idr
[fetch start] __ bts_btc
[fetch start] __ doge_btc
[fetch start] __ eth_btc
[fetch start] __ ltc_btc
[fetch start] __ nxt_btc
[fetch start] __ xlm_btc
[fetch start] __ xem_btc
[fetch start] __ xrp_btc
!!! error while inserting
[store end]
!!! error while inserting
[store end]
!!! error while inserting
[store end]
!!! error while inserting
[store end]
!!! error while inserting
[store end]
!!! error while inserting
[store end]
!!! error while inserting
[store end]
!!! error while inserting
[store end]
!!! error while inserting
[store end]
... succesfully inserted
[store end]
!!! error while inserting
[store end]
!!! error while inserting
[store end]
!!! error while inserting
[store end]
!!! error while inserting
[store end]
!!! error while inserting
[store end]
!!! error while inserting
[store end]
[fetch start] __ btc_idr
[fetch start] __ bch_idr
[fetch start] __ eth_idr
[fetch start] __ etc_idr
[fetch start] __ ltc_idr
[fetch start] __ waves_idr
[fetch start] __ xrp_idr
[fetch start] __ xzc_idr
[fetch start] __ bts_btc
[fetch start] __ doge_btc
[fetch start] __ eth_btc
[fetch start] __ ltc_btc
[fetch start] __ nxt_btc
[fetch start] __ xlm_btc
[fetch start] __ xem_btc
[fetch start] __ xrp_btc
!!! error while inserting
[store end]
!!! error while inserting
[store end]
!!! error while inserting
[store end]
!!! error while inserting
[store end]
!!! error while inserting
[store end]
!!! error while inserting
[store end]
!!! error while inserting
[store end]
!!! error while inserting
[store end]
... succesfully inserted
[store end]
!!! error while inserting
[store end]
!!! error while inserting
[store end]
!!! error while inserting
[store end]
!!! error while inserting
[store end]
!!! error while inserting
[store end]
!!! error while inserting
[store end]
!!! error while inserting
[store end]
[fetch start] __ btc_idr
[fetch start] __ bch_idr
[fetch start] __ eth_idr
[fetch start] __ etc_idr
[fetch start] __ ltc_idr
[fetch start] __ waves_idr
[fetch start] __ xrp_idr
[fetch start] __ xzc_idr
[fetch start] __ bts_btc
[fetch start] __ doge_btc
[fetch start] __ eth_btc
[fetch start] __ ltc_btc
[fetch start] __ nxt_btc
[fetch start] __ xlm_btc
[fetch start] __ xem_btc
[fetch start] __ xrp_btc
!!! error while inserting
[store end]
... succesfully inserted
[store end]
!!! error while inserting
[store end]
!!! error while inserting
[store end]
!!! error while inserting
[store end]
!!! error while inserting
[store end]
!!! error while inserting
[store end]
!!! error while inserting
[store end]
!!! error while inserting
[store end]
!!! error while inserting
[store end]
!!! error while inserting
[store end]
!!! error while inserting
[store end]
!!! error while inserting
[store end]
!!! error while inserting
[store end]
!!! error while inserting
[store end]
!!! error while inserting
[store end]
